Using pre-set license
Built from '2021.3/staging' branch; Version is '2021.3.31f1 (3409e2af086f) revision 3410402'; Using compiler version '192829333'; Build Type 'Release'
OS: 'Windows 11  (10.0.22621) 64bit Professional' Language: 'zh' Physical Memory: 32627 MB
BatchMode: 1, IsHumanControllingUs: 0, StartBugReporterOnCrash: 0, Is64bit: 1, IsPro: 1

COMMAND LINE ARGUMENTS:
C:\Program Files\Unity\Hub\Editor\2021.3.31f1\Editor\Unity.exe
-adb2
-batchMode
-noUpm
-name
AssetImportWorker0
-projectPath
C:/Users/luohr/1D-Conquest
-logFile
Logs/AssetImportWorker0.log
-srvPort
50390
Successfully changed project path to: C:/Users/luohr/1D-Conquest
C:/Users/luohr/1D-Conquest
[UnityMemory] Configuration Parameters - Can be set up in boot.config
    "memorysetup-bucket-allocator-granularity=16"
    "memorysetup-bucket-allocator-bucket-count=8"
    "memorysetup-bucket-allocator-block-size=33554432"
    "memorysetup-bucket-allocator-block-count=8"
    "memorysetup-main-allocator-block-size=16777216"
    "memorysetup-thread-allocator-block-size=16777216"
    "memorysetup-gfx-main-allocator-block-size=16777216"
    "memorysetup-gfx-thread-allocator-block-size=16777216"
    "memorysetup-cache-allocator-block-size=4194304"
    "memorysetup-typetree-allocator-block-size=2097152"
    "memorysetup-profiler-bucket-allocator-granularity=16"
    "memorysetup-profiler-bucket-allocator-bucket-count=8"
    "memorysetup-profiler-bucket-allocator-block-size=33554432"
    "memorysetup-profiler-bucket-allocator-block-count=8"
    "memorysetup-profiler-allocator-block-size=16777216"
    "memorysetup-profiler-editor-allocator-block-size=1048576"
    "memorysetup-temp-allocator-size-main=16777216"
    "memorysetup-job-temp-allocator-block-size=2097152"
    "memorysetup-job-temp-allocator-block-size-background=1048576"
    "memorysetup-job-temp-allocator-reduction-small-platforms=262144"
    "memorysetup-temp-allocator-size-background-worker=32768"
    "memorysetup-temp-allocator-size-job-worker=262144"
    "memorysetup-temp-allocator-size-preload-manager=33554432"
    "memorysetup-temp-allocator-size-nav-mesh-worker=65536"
    "memorysetup-temp-allocator-size-audio-worker=65536"
    "memorysetup-temp-allocator-size-cloud-worker=32768"
    "memorysetup-temp-allocator-size-gi-baking-worker=262144"
    "memorysetup-temp-allocator-size-gfx=262144"
Player connection [15004] Host "[IP] 172.20.0.116 [Port] 0 [Flags] 2 [Guid] 904477973 [EditorId] 904477973 [Version] 1048832 [Id] WindowsEditor(7,1266sComputer) [Debug] 1 [PackageName] WindowsEditor [ProjectName] Editor" joined multi-casting on [225.0.0.222:54997]...

Player connection [15004] Host "[IP] 172.20.0.116 [Port] 0 [Flags] 2 [Guid] 904477973 [EditorId] 904477973 [Version] 1048832 [Id] WindowsEditor(7,1266sComputer) [Debug] 1 [PackageName] WindowsEditor [ProjectName] Editor" joined alternative multi-casting on [225.0.0.222:34997]...

[Physics::Module] Initialized MultithreadedJobDispatcher with {0} workers.
Refreshing native plugins compatible for Editor in 42.71 ms, found 3 plugins.
Preloading 0 native plugins for Editor in 0.00 ms.
Initialize engine version: 2021.3.31f1 (3409e2af086f)
[Subsystems] Discovering subsystems at path C:/Program Files/Unity/Hub/Editor/2021.3.31f1/Editor/Data/Resources/UnitySubsystems
[Subsystems] Discovering subsystems at path C:/Users/luohr/1D-Conquest/Assets
GfxDevice: creating device client; threaded=0; jobified=0
Direct3D:
    Version:  Direct3D 11.0 [level 11.1]
    Renderer: NVIDIA GeForce RTX 3080 Ti (ID=0x2208)
    Vendor:   NVIDIA
    VRAM:     12100 MB
    Driver:   31.0.15.3713
Initialize mono
Mono path[0] = 'C:/Program Files/Unity/Hub/Editor/2021.3.31f1/Editor/Data/Managed'
Mono path[1] = 'C:/Program Files/Unity/Hub/Editor/2021.3.31f1/Editor/Data/MonoBleedingEdge/lib/mono/unityjit-win32'
Mono config path = 'C:/Program Files/Unity/Hub/Editor/2021.3.31f1/Editor/Data/MonoBleedingEdge/etc'
Using monoOptions --debugger-agent=transport=dt_socket,embedding=1,server=y,suspend=n,address=127.0.0.1:56224
Begin MonoManager ReloadAssembly
Registering precompiled unity dll's ...
Register platform support module: C:/Program Files/Unity/Hub/Editor/2021.3.31f1/Editor/Data/PlaybackEngines/WindowsStandaloneSupport/UnityEditor.WindowsStandalone.Extensions.dll
Registered in 0.003485 seconds.
Native extension for WindowsStandalone target not found
Refreshing native plugins compatible for Editor in 42.49 ms, found 3 plugins.
Preloading 0 native plugins for Editor in 0.00 ms.
Mono: successfully reloaded assembly
- Completed reload, in  0.381 seconds
Domain Reload Profiling:
	ReloadAssembly (381ms)
		BeginReloadAssembly (71ms)
			ExecutionOrderSort (0ms)
			DisableScriptedObjects (0ms)
			BackupInstance (0ms)
			ReleaseScriptingObjects (0ms)
			CreateAndSetChildDomain (0ms)
		EndReloadAssembly (251ms)
			LoadAssemblies (69ms)
			RebuildTransferFunctionScriptingTraits (0ms)
			SetupTypeCache (62ms)
			ReleaseScriptCaches (0ms)
			RebuildScriptCaches (15ms)
			SetupLoadedEditorAssemblies (148ms)
				LogAssemblyErrors (0ms)
				InitializePlatformSupportModulesInManaged (5ms)
				SetLoadedEditorAssemblies (0ms)
				RefreshPlugins (43ms)
				BeforeProcessingInitializeOnLoad (1ms)
				ProcessInitializeOnLoadAttributes (70ms)
				ProcessInitializeOnLoadMethodAttributes (30ms)
				AfterProcessingInitializeOnLoad (0ms)
				EditorAssembliesLoaded (0ms)
			ExecutionOrderSort2 (0ms)
			AwakeInstancesAfterBackupRestoration (0ms)
Platform modules already initialized, skipping
Registering precompiled user dll's ...
Registered in 0.003850 seconds.
Begin MonoManager ReloadAssembly
Native extension for WindowsStandalone target not found
Refreshing native plugins compatible for Editor in 0.39 ms, found 3 plugins.
Preloading 0 native plugins for Editor in 0.00 ms.
Package Manager log level set to [2]
[Package Manager] Server::EnsureServerProcessIsRunning -- launch failed, reason: Unity was launched with the -noUpm command-line argument
[Package Manager] Cannot connect to Unity Package Manager local server
Mono: successfully reloaded assembly
- Completed reload, in  1.020 seconds
Domain Reload Profiling:
	ReloadAssembly (1021ms)
		BeginReloadAssembly (85ms)
			ExecutionOrderSort (0ms)
			DisableScriptedObjects (3ms)
			BackupInstance (0ms)
			ReleaseScriptingObjects (0ms)
			CreateAndSetChildDomain (12ms)
		EndReloadAssembly (871ms)
			LoadAssemblies (64ms)
			RebuildTransferFunctionScriptingTraits (0ms)
			SetupTypeCache (123ms)
			ReleaseScriptCaches (0ms)
			RebuildScriptCaches (27ms)
			SetupLoadedEditorAssemblies (652ms)
				LogAssemblyErrors (0ms)
				InitializePlatformSupportModulesInManaged (3ms)
				SetLoadedEditorAssemblies (0ms)
				RefreshPlugins (0ms)
				BeforeProcessingInitializeOnLoad (42ms)
				ProcessInitializeOnLoadAttributes (587ms)
				ProcessInitializeOnLoadMethodAttributes (14ms)
				AfterProcessingInitializeOnLoad (4ms)
				EditorAssembliesLoaded (0ms)
			ExecutionOrderSort2 (0ms)
			AwakeInstancesAfterBackupRestoration (5ms)
Platform modules already initialized, skipping
========================================================================
Worker process is ready to serve import requests
Launched and connected shader compiler UnityShaderCompiler.exe after 0.03 seconds
Refreshing native plugins compatible for Editor in 0.49 ms, found 3 plugins.
Preloading 0 native plugins for Editor in 0.00 ms.
Unloading 2946 Unused Serialized files (Serialized files now loaded: 0)
Unloading 22 unused Assets / (46.8 KB). Loaded Objects now: 3406.
Memory consumption went from 105.6 MB to 105.6 MB.
Total: 2.854100 ms (FindLiveObjects: 0.144400 ms CreateObjectMapping: 0.063700 ms MarkObjects: 2.596700 ms  DeleteObjects: 0.048400 ms)

AssetImportParameters requested are different than current active one (requested -> active):
  custom:video-decoder-ogg-theora: a1e56fd34408186e4bbccfd4996cb3dc -> 
  custom:container-muxer-webm: aa71ff27fc2769a1b78a27578f13a17b -> 
  custom:container-demuxer-webm: 4f35f7cbe854078d1ac9338744f61a02 -> 
  custom:video-encoder-webm-vp8: eb34c28f22e8b96e1ab97ce403110664 -> 
  custom:CustomObjectIndexerAttribute: bc11b3a6c3213fcdd17b65e7da85e133 -> 
  custom:audio-encoder-webm-vorbis: bf7c407c2cedff20999df2af8eb42d56 -> 
  custom:framework-win-MediaFoundation: 216162199b28c13a410421893ffa2e32 -> 
  custom:SearchIndexIgnoredProperties: e643bd26f0fe6173181afceb89e7c659 -> 
  custom:container-demuxer-ogg: 62fdf1f143b41e24485cea50d1cbac27 -> 
  custom:video-decoder-webm-vp8: 9c59270c3fd7afecdb556c50c9e8de78 -> 
  custom:audio-decoder-ogg-vorbis: bf7c407c2cedff20999df2af8eb42d56 -> 
========================================================================
Received Import Request.
  Time since last request: 2060950.304560 seconds.
  path: Assets/Assets/UI Elements
  artifactKey: Guid(062189629df0cf84aaed69621ab73111) Importer(815301076,1909f56bfc062723c751e8b465ee728b)
Number of updated assets reloaded before import = 0
Start importing Assets/Assets/UI Elements using Guid(062189629df0cf84aaed69621ab73111) Importer(815301076,1909f56bfc062723c751e8b465ee728b)  -> (artifact id: '03beaeff0f70431600484effd96ed5a2') in 0.006108 seconds 
Number of asset objects unloaded after import = 0
========================================================================
Received Import Request.
  Time since last request: 0.000013 seconds.
  path: Assets/Assets/Scenes
  artifactKey: Guid(b8926f4da0af27d489188036d72e2d59) Importer(815301076,1909f56bfc062723c751e8b465ee728b)
Number of updated assets reloaded before import = 0
Start importing Assets/Assets/Scenes using Guid(b8926f4da0af27d489188036d72e2d59) Importer(815301076,1909f56bfc062723c751e8b465ee728b)  -> (artifact id: '8af009f102e79e15fb3f5e7b94c4e510') in 0.001673 seconds 
Number of asset objects unloaded after import = 0
========================================================================
Received Import Request.
  Time since last request: 1.095534 seconds.
  path: Assets/Assets/Raw and SpriteSheets/Black1x.png
  artifactKey: Guid(40894da363e22b840b4612dbca902868) Importer(815301076,1909f56bfc062723c751e8b465ee728b)
Number of updated assets reloaded before import = 0
Start importing Assets/Assets/Raw and SpriteSheets/Black1x.png using Guid(40894da363e22b840b4612dbca902868) Importer(815301076,1909f56bfc062723c751e8b465ee728b)  -> (artifact id: '59f7172be3caf2e6d975346db5f013de') in 0.080310 seconds 
Number of asset objects unloaded after import = 3
========================================================================
Received Import Request.
  Time since last request: 0.000010 seconds.
  path: Assets/Assets/Raw and SpriteSheets/White2x.png
  artifactKey: Guid(8b958061714925845903ac12b8c3ba4f) Importer(815301076,1909f56bfc062723c751e8b465ee728b)
Number of updated assets reloaded before import = 0
Start importing Assets/Assets/Raw and SpriteSheets/White2x.png using Guid(8b958061714925845903ac12b8c3ba4f) Importer(815301076,1909f56bfc062723c751e8b465ee728b)  -> (artifact id: '3070785beae6f5debf23d409a59dee61') in 0.021579 seconds 
Number of asset objects unloaded after import = 3
========================================================================
Received Import Request.
  Time since last request: 0.000011 seconds.
  path: Assets/Assets/Raw and SpriteSheets/Extras.png
  artifactKey: Guid(7146f89077ead2542bf1ad7bca470bdc) Importer(815301076,1909f56bfc062723c751e8b465ee728b)
Number of updated assets reloaded before import = 0
Start importing Assets/Assets/Raw and SpriteSheets/Extras.png using Guid(7146f89077ead2542bf1ad7bca470bdc) Importer(815301076,1909f56bfc062723c751e8b465ee728b)  -> (artifact id: 'd7036da09c98421391e26a8b6bfaa015') in 0.100358 seconds 
Number of asset objects unloaded after import = 3
========================================================================
Received Import Request.
  Time since last request: 6.988106 seconds.
  path: Assets/Assets/UI Elements/Black/1x/BUtton 1.png
  artifactKey: Guid(39e7a8ce6f598524a8394263b7b392c7) Importer(815301076,1909f56bfc062723c751e8b465ee728b)
Number of updated assets reloaded before import = 0
Start importing Assets/Assets/UI Elements/Black/1x/BUtton 1.png using Guid(39e7a8ce6f598524a8394263b7b392c7) Importer(815301076,1909f56bfc062723c751e8b465ee728b)  -> (artifact id: '42e835f514dd1738222f1ea0a93e2395') in 0.017951 seconds 
Number of asset objects unloaded after import = 3
========================================================================
Received Import Request.
  Time since last request: 0.004350 seconds.
  path: Assets/Assets/UI Elements/Black/1x/camera.png
  artifactKey: Guid(4968e60d11a665d489c1b7cf25009ef2) Importer(815301076,1909f56bfc062723c751e8b465ee728b)
Number of updated assets reloaded before import = 0
Start importing Assets/Assets/UI Elements/Black/1x/camera.png using Guid(4968e60d11a665d489c1b7cf25009ef2) Importer(815301076,1909f56bfc062723c751e8b465ee728b)  -> (artifact id: '696a855d8b3170960876797e6b04fcc9') in 0.022009 seconds 
Number of asset objects unloaded after import = 3
========================================================================
Received Import Request.
  Time since last request: 0.000012 seconds.
  path: Assets/Assets/UI Elements/Black/1x/gamepad2.png
  artifactKey: Guid(148c54b225c0dfc48a6427742f17f18f) Importer(815301076,1909f56bfc062723c751e8b465ee728b)
Number of updated assets reloaded before import = 0
Start importing Assets/Assets/UI Elements/Black/1x/gamepad2.png using Guid(148c54b225c0dfc48a6427742f17f18f) Importer(815301076,1909f56bfc062723c751e8b465ee728b)  -> (artifact id: '39bd8a87b676d8b18f78e22acd807d2c') in 0.015281 seconds 
Number of asset objects unloaded after import = 3
========================================================================
Received Import Request.
  Time since last request: 0.000012 seconds.
  path: Assets/Assets/UI Elements/Black/1x/forward.png
  artifactKey: Guid(7bf254857d1461546a228926429fe53e) Importer(815301076,1909f56bfc062723c751e8b465ee728b)
Number of updated assets reloaded before import = 0
Start importing Assets/Assets/UI Elements/Black/1x/forward.png using Guid(7bf254857d1461546a228926429fe53e) Importer(815301076,1909f56bfc062723c751e8b465ee728b)  -> (artifact id: '0e6a431311828d0e509925653bef993a') in 0.015198 seconds 
Number of asset objects unloaded after import = 3
========================================================================
Received Import Request.
  Time since last request: 0.000051 seconds.
  path: Assets/Assets/UI Elements/Black/1x/south-west arrow.png
  artifactKey: Guid(1d4d0cd6fb3a3c240a1e0d589cc78725) Importer(815301076,1909f56bfc062723c751e8b465ee728b)
Number of updated assets reloaded before import = 0
Start importing Assets/Assets/UI Elements/Black/1x/south-west arrow.png using Guid(1d4d0cd6fb3a3c240a1e0d589cc78725) Importer(815301076,1909f56bfc062723c751e8b465ee728b)  -> (artifact id: '2235622fe6dd785636081ef87fd98059') in 0.012094 seconds 
Number of asset objects unloaded after import = 3
========================================================================
Received Import Request.
  Time since last request: 0.000012 seconds.
  path: Assets/Assets/UI Elements/Black/1x/star.png
  artifactKey: Guid(792299b6da89b8f43b2f54dac62b9f98) Importer(815301076,1909f56bfc062723c751e8b465ee728b)
Number of updated assets reloaded before import = 0
Start importing Assets/Assets/UI Elements/Black/1x/star.png using Guid(792299b6da89b8f43b2f54dac62b9f98) Importer(815301076,1909f56bfc062723c751e8b465ee728b)  -> (artifact id: '7e47bfde6da0136b89e44b11e5855072') in 0.014556 seconds 
Number of asset objects unloaded after import = 3
========================================================================
Received Import Request.
  Time since last request: 0.000012 seconds.
  path: Assets/Assets/UI Elements/Black/1x/noet-west arrow.png
  artifactKey: Guid(8fab5b661dcd0864bb13839a160bc39c) Importer(815301076,1909f56bfc062723c751e8b465ee728b)
Number of updated assets reloaded before import = 0
Start importing Assets/Assets/UI Elements/Black/1x/noet-west arrow.png using Guid(8fab5b661dcd0864bb13839a160bc39c) Importer(815301076,1909f56bfc062723c751e8b465ee728b)  -> (artifact id: '6d5c2c111adad219d82e4b14171bf15b') in 0.012538 seconds 
Number of asset objects unloaded after import = 3
========================================================================
Received Import Request.
  Time since last request: 0.000011 seconds.
  path: Assets/Assets/UI Elements/Black/1x/BUtton A.png
  artifactKey: Guid(915f7e39bd6632c458f3ac141732d571) Importer(815301076,1909f56bfc062723c751e8b465ee728b)
Number of updated assets reloaded before import = 0
Start importing Assets/Assets/UI Elements/Black/1x/BUtton A.png using Guid(915f7e39bd6632c458f3ac141732d571) Importer(815301076,1909f56bfc062723c751e8b465ee728b)  -> (artifact id: '00ca97ad86bf6e110c634749e294211b') in 0.015232 seconds 
Number of asset objects unloaded after import = 3
========================================================================
Received Import Request.
  Time since last request: 0.000015 seconds.
  path: Assets/Assets/UI Elements/Black/1x/down arrow.png
  artifactKey: Guid(612903ba0ddbe6e4c951e2784757d893) Importer(815301076,1909f56bfc062723c751e8b465ee728b)
Number of updated assets reloaded before import = 0
Start importing Assets/Assets/UI Elements/Black/1x/down arrow.png using Guid(612903ba0ddbe6e4c951e2784757d893) Importer(815301076,1909f56bfc062723c751e8b465ee728b)  -> (artifact id: 'b1f4ef0d799c916de2b23d386ab8e171') in 0.015475 seconds 
Number of asset objects unloaded after import = 3
========================================================================
Received Import Request.
  Time since last request: 0.000010 seconds.
  path: Assets/Assets/UI Elements/Black/1x/home.png
  artifactKey: Guid(d861e95eb4bfdb34392459f13906828e) Importer(815301076,1909f56bfc062723c751e8b465ee728b)
Number of updated assets reloaded before import = 0
Start importing Assets/Assets/UI Elements/Black/1x/home.png using Guid(d861e95eb4bfdb34392459f13906828e) Importer(815301076,1909f56bfc062723c751e8b465ee728b)  -> (artifact id: '91052073446efecc2a7708292e04f2cc') in 0.013279 seconds 
Number of asset objects unloaded after import = 3
========================================================================
Received Import Request.
  Time since last request: 0.000011 seconds.
  path: Assets/Assets/UI Elements/Black/1x/unlock.png
  artifactKey: Guid(69f510a3669e83f4283b257384052e74) Importer(815301076,1909f56bfc062723c751e8b465ee728b)
Number of updated assets reloaded before import = 0
Start importing Assets/Assets/UI Elements/Black/1x/unlock.png using Guid(69f510a3669e83f4283b257384052e74) Importer(815301076,1909f56bfc062723c751e8b465ee728b)  -> (artifact id: '322d44fefbdede2dc3397da24584b19d') in 0.011708 seconds 
Number of asset objects unloaded after import = 3
========================================================================
Received Import Request.
  Time since last request: 0.000018 seconds.
  path: Assets/Assets/UI Elements/Black/1x/sign1.png
  artifactKey: Guid(6c2f508c2c8885b48a9633a0775ae4a0) Importer(815301076,1909f56bfc062723c751e8b465ee728b)
Number of updated assets reloaded before import = 0
Start importing Assets/Assets/UI Elements/Black/1x/sign1.png using Guid(6c2f508c2c8885b48a9633a0775ae4a0) Importer(815301076,1909f56bfc062723c751e8b465ee728b)  -> (artifact id: '3d07096c34e1dd034ef0bccde441f843') in 0.011165 seconds 
Number of asset objects unloaded after import = 3
========================================================================
Received Import Request.
  Time since last request: 0.000018 seconds.
  path: Assets/Assets/UI Elements/Black/1x/yes-tic.png
  artifactKey: Guid(403d64cdae12e5446a5402152468999f) Importer(815301076,1909f56bfc062723c751e8b465ee728b)
Number of updated assets reloaded before import = 0
Start importing Assets/Assets/UI Elements/Black/1x/yes-tic.png using Guid(403d64cdae12e5446a5402152468999f) Importer(815301076,1909f56bfc062723c751e8b465ee728b)  -> (artifact id: '1bd9e5b9cf3faca154828a3e70ad421e') in 0.012389 seconds 
Number of asset objects unloaded after import = 3
========================================================================
Received Import Request.
  Time since last request: 0.000012 seconds.
  path: Assets/Assets/UI Elements/Black/1x/up.png
  artifactKey: Guid(41f5a7f2f23784341b1688043372ad80) Importer(815301076,1909f56bfc062723c751e8b465ee728b)
Number of updated assets reloaded before import = 0
Start importing Assets/Assets/UI Elements/Black/1x/up.png using Guid(41f5a7f2f23784341b1688043372ad80) Importer(815301076,1909f56bfc062723c751e8b465ee728b)  -> (artifact id: '33b4c34df2d182819d416bcf22d2f12b') in 0.012640 seconds 
Number of asset objects unloaded after import = 3
========================================================================
Received Import Request.
  Time since last request: 0.000012 seconds.
  path: Assets/Assets/UI Elements/Black/1x/left arrow.png
  artifactKey: Guid(2b751643e14a05747ba418a17dbc024d) Importer(815301076,1909f56bfc062723c751e8b465ee728b)
Number of updated assets reloaded before import = 0
Start importing Assets/Assets/UI Elements/Black/1x/left arrow.png using Guid(2b751643e14a05747ba418a17dbc024d) Importer(815301076,1909f56bfc062723c751e8b465ee728b)  -> (artifact id: '5b4f3e5b10b3e38488e6b370a0012b87') in 0.012905 seconds 
Number of asset objects unloaded after import = 3
========================================================================
Received Import Request.
  Time since last request: 0.000011 seconds.
  path: Assets/Assets/UI Elements/Black/1x/right.png
  artifactKey: Guid(e97298110256f8241be14ebe2c94e599) Importer(815301076,1909f56bfc062723c751e8b465ee728b)
Number of updated assets reloaded before import = 0
Start importing Assets/Assets/UI Elements/Black/1x/right.png using Guid(e97298110256f8241be14ebe2c94e599) Importer(815301076,1909f56bfc062723c751e8b465ee728b)  -> (artifact id: 'c8d6d4e0b882fcbd36e680fbab1a749d') in 0.014166 seconds 
Number of asset objects unloaded after import = 3
========================================================================
Received Import Request.
  Time since last request: 0.000014 seconds.
  path: Assets/Assets/UI Elements/Black/1x/mic on.png
  artifactKey: Guid(cc7e6817bcc82564fa92f3e89bc9ac6a) Importer(815301076,1909f56bfc062723c751e8b465ee728b)
Number of updated assets reloaded before import = 0
Start importing Assets/Assets/UI Elements/Black/1x/mic on.png using Guid(cc7e6817bcc82564fa92f3e89bc9ac6a) Importer(815301076,1909f56bfc062723c751e8b465ee728b)  -> (artifact id: '66aab8e82d3853abd5bc0767ae4fec2c') in 0.015298 seconds 
Number of asset objects unloaded after import = 3
Editor requested this worker to shutdown with reason: Scaling down because of idle timeout
AssetImportWorker is now disconnected from the server
Process exiting
Exiting without the bug reporter. Application will terminate with return code 0